<?xml version="1.0" encoding="UTF-8"?>
<testng-results ignored="0" total="2" passed="2" failed="0" skipped="0">
  <reporter-output>
  </reporter-output>
  <suite started-at="2023-12-19T10:46:16 IST" name="Default suite" finished-at="2023-12-19T10:46:49 IST" duration-ms="32221">
    <groups>
    </groups>
    <test started-at="2023-12-19T10:46:16 IST" name="Default test" finished-at="2023-12-19T10:46:49 IST" duration-ms="32221">
      <class name="testscenarios.TC001_Login">
        <test-method is-config="true" signature="launchBrowser()[pri:0, instance:testscenarios.TC001_Login@5524cca1]" started-at="2023-12-19T10:46:16 IST" name="launchBrowser" finished-at="2023-12-19T10:46:24 IST" duration-ms="7173" status="PASS">
          <reporter-output>
          </reporter-output>
        </test-method> <!-- launchBrowser -->
        <test-method signature="loginWithValidCredential()[pri:2, instance:testscenarios.TC001_Login@5524cca1]" started-at="2023-12-19T10:46:24 IST" name="loginWithValidCredential" finished-at="2023-12-19T10:46:46 IST" duration-ms="22495" status="PASS">
          <reporter-output>
          </reporter-output>
        </test-method> <!-- loginWithValidCredential -->
        <test-method signature="loginWithInValidCredential()[pri:3, instance:testscenarios.TC001_Login@5524cca1]" started-at="2023-12-19T10:46:46 IST" name="loginWithInValidCredential" finished-at="2023-12-19T10:46:47 IST" duration-ms="1177" status="PASS">
          <reporter-output>
          </reporter-output>
        </test-method> <!-- loginWithInValidCredential -->
        <test-method is-config="true" signature="closeBrowser()[pri:0, instance:testscenarios.TC001_Login@5524cca1]" started-at="2023-12-19T10:46:47 IST" name="closeBrowser" finished-at="2023-12-19T10:46:49 IST" duration-ms="1222" status="PASS">
          <reporter-output>
          </reporter-output>
        </test-method> <!-- closeBrowser -->
      </class> <!-- testscenarios.TC001_Login -->
    </test> <!-- Default test -->
  </suite> <!-- Default suite -->
</testng-results>
